Determining if the pthread_create exist failed with the following output:
Change Dir: /home/corne/Desktop/intakeAssignment/build/CMakeFiles/CMakeTmp

Run Build Command:"/usr/bin/make" "cmTryCompileExec907211171/fast"
/usr/bin/make -f CMakeFiles/cmTryCompileExec907211171.dir/build.make CMakeFiles/cmTryCompileExec907211171.dir/build
make[1]: Entering directory '/home/corne/Desktop/intakeAssignment/build/CMakeFiles/CMakeTmp'
/usr/local/bin/cmake -E cmake_progress_report /home/corne/Desktop/intakeAssignment/build/CMakeFiles/CMakeTmp/CMakeFiles 1
Building C object CMakeFiles/cmTryCompileExec907211171.dir/CheckSymbolExists.c.o
/usr/bin/cc    -o CMakeFiles/cmTryCompileExec907211171.dir/CheckSymbolExists.c.o   -c /home/corne/Desktop/intakeAssignment/build/CMakeFiles/CMakeTmp/CheckSymbolExists.c
Linking C executable cmTryCompileExec907211171
/usr/local/bin/cmake -E cmake_link_script CMakeFiles/cmTryCompileExec907211171.dir/link.txt --verbose=1
/usr/bin/cc       CMakeFiles/cmTryCompileExec907211171.dir/CheckSymbolExists.c.o  -o cmTryCompileExec907211171 -rdynamic 
CMakeFiles/cmTryCompileExec907211171.dir/CheckSymbolExists.c.o: In function `main':
CheckSymbolExists.c:(.text+0x16): undefined reference to `pthread_create'
collect2: error: ld returned 1 exit status
CMakeFiles/cmTryCompileExec907211171.dir/build.make:88: recipe for target 'cmTryCompileExec907211171' failed
make[1]: *** [cmTryCompileExec907211171] Error 1
make[1]: Leaving directory '/home/corne/Desktop/intakeAssignment/build/CMakeFiles/CMakeTmp'
Makefile:117: recipe for target 'cmTryCompileExec907211171/fast' failed
make: *** [cmTryCompileExec907211171/fast] Error 2

File /home/corne/Desktop/intakeAssignment/build/CMakeFiles/CMakeTmp/CheckSymbolExists.c:
/* */
#include <pthread.h>

int main(int argc, char** argv)
{
  (void)argv;
#ifndef pthread_create
  return ((int*)(&pthread_create))[argc];
#else
  (void)argc;
  return 0;
#endif
}

Determining if the function pthread_create exists in the pthreads failed with the following output:
Change Dir: /home/corne/Desktop/intakeAssignment/build/CMakeFiles/CMakeTmp

Run Build Command:"/usr/bin/make" "cmTryCompileExec4103931001/fast"
/usr/bin/make -f CMakeFiles/cmTryCompileExec4103931001.dir/build.make CMakeFiles/cmTryCompileExec4103931001.dir/build
make[1]: Entering directory '/home/corne/Desktop/intakeAssignment/build/CMakeFiles/CMakeTmp'
/usr/local/bin/cmake -E cmake_progress_report /home/corne/Desktop/intakeAssignment/build/CMakeFiles/CMakeTmp/CMakeFiles 1
Building C object CMakeFiles/cmTryCompileExec4103931001.dir/CheckFunctionExists.c.o
/usr/bin/cc   -DCHECK_FUNCTION_EXISTS=pthread_create   -o CMakeFiles/cmTryCompileExec4103931001.dir/CheckFunctionExists.c.o   -c /usr/local/share/cmake-3.2/Modules/CheckFunctionExists.c
Linking C executable cmTryCompileExec4103931001
/usr/local/bin/cmake -E cmake_link_script CMakeFiles/cmTryCompileExec4103931001.dir/link.txt --verbose=1
/usr/bin/cc   -DCHECK_FUNCTION_EXISTS=pthread_create    CMakeFiles/cmTryCompileExec4103931001.dir/CheckFunctionExists.c.o  -o cmTryCompileExec4103931001 -rdynamic -lpthreads 
/usr/bin/ld: cannot find -lpthreads
collect2: error: ld returned 1 exit status
CMakeFiles/cmTryCompileExec4103931001.dir/build.make:88: recipe for target 'cmTryCompileExec4103931001' failed
make[1]: Leaving directory '/home/corne/Desktop/intakeAssignment/build/CMakeFiles/CMakeTmp'
make[1]: *** [cmTryCompileExec4103931001] Error 1
Makefile:117: recipe for target 'cmTryCompileExec4103931001/fast' failed
make: *** [cmTryCompileExec4103931001/fast] Error 2


